<?xml version="1.0"?>
<beans xmlns="http://www.springframework.org/schema/beans"
       xmlns:xsi="http://www.w3.org/2001/XMLSchema-instance"
       xsi:schemaLocation="http://www.springframework.org/schema/beans http://www.springframework.org/schema/beans/spring-beans-3.0.xsd"
       default-lazy-init="false">

    <import resource="classpath:TouchPointEnvironmentProperties.xml"/>
    <import resource="classpath:TouchPointDAOBeans.xml"/>
    <import resource="classpath:TouchPointServices.xml"/>

</beans>
